npm error code ERESOLVE
npm error ERESOLVE could not resolve
npm error
npm error While resolving: react-simple-maps@3.0.0
npm error Found: react@19.2.4
npm error node_modules/react
npm error   peer react@">=16.8.0" from @floating-ui/react-dom@2.1.8
npm error   node_modules/@floating-ui/react-dom
npm error     @floating-ui/react-dom@"^2.0.0" from @radix-ui/react-popper@1.3.0
npm error     node_modules/@radix-ui/react-popper
npm error       @radix-ui/react-popper@"1.3.0" from @radix-ui/react-hover-card@1.1.16
npm error       node_modules/@radix-ui/react-hover-card
npm error         @radix-ui/react-hover-card@"1.1.16" from radix-ui@1.5.0
npm error         node_modules/radix-ui
npm error       5 more (@radix-ui/react-menu, @radix-ui/react-popover, ...)
npm error   peer react@"^16.8 || ^17.0 || ^18.0 || ^19.0 || ^19.0.0-rc" from @radix-ui/react-accessible-icon@1.1.9
npm error   node_modules/@radix-ui/react-accessible-icon
npm error     @radix-ui/react-accessible-icon@"1.1.9" from radix-ui@1.5.0
npm error     node_modules/radix-ui
npm error       radix-ui@"^1.5.0" from the root project
npm error   77 more (@radix-ui/react-accordion, ...)
npm error
npm error Could not resolve dependency:
npm error peer react@"^16.8.0 || 17.x || 18.x" from react-simple-maps@3.0.0
npm error node_modules/react-simple-maps
npm error   react-simple-maps@"^3.0.0" from the root project
npm error
npm error Conflicting peer dependency: react@18.3.1
npm error node_modules/react
npm error   peer react@"^16.8.0 || 17.x || 18.x" from react-simple-maps@3.0.0
npm error   node_modules/react-simple-maps
npm error     react-simple-maps@"^3.0.0" from the root project
npm error
npm error Fix the upstream dependency conflict, or retry this command with --force or --legacy-peer-deps to accept an incorrect (and potentially broken) dependency resolution.
npm error
npm error
npm error For a full report see:
npm error C:\Users\Mercy Jesus\AppData\Local\npm-cache\_logs\2026-07-08T11_34_02_512Z-eresolve-report.txt
npm error A complete log of this run can be found in: C:\Users\Mercy Jesus\AppData\Local\npm-cache\_logs\2026-07-08T11_34_02_512Z-debug-0.log
